2022-01-15 01:26:42  [BrowserLib] (main:) ************Launching Chrome Browser**********
2022-01-15 01:26:42  [WebDriverManager] (main:) Please answer the following questionnaire based on your experience with WebDriverManager. Thanks a lot!
2022-01-15 01:26:42  [WebDriverManager] (main:) ====> http://tiny.cc/wdm-survey <====
2022-01-15 01:26:42  [WebDriverManager] (main:) Using chromedriver 97.0.4692.71 (since Chrome 97 is installed in your machine)
2022-01-15 01:26:42  [WebDriverManager] (main:) Exporting webdriver.chrome.driver as /Users/aseshadr/.m2/repository/webdriver/chromedriver/mac64/97.0.4692.71/chromedriver
2022-01-15 01:26:45  [BrowserLib] (main:) -------Execution Started-------
2022-01-15 01:26:45  [DefaultTestContextBootstrapper] (main:) Loaded default TestExecutionListener class names from location [META-INF/spring.factories]: [org.springframework.test.context.web.ServletTestExecutionListener, org.springframework.test.context.support.DirtiesContextBeforeModesTestExecutionListener, org.springframework.test.context.support.DependencyInjectionTestExecutionListener, org.springframework.test.context.support.DirtiesContextTestExecutionListener, org.springframework.test.context.transaction.TransactionalTestExecutionListener, org.springframework.test.context.jdbc.SqlScriptsTestExecutionListener, org.springframework.test.context.event.EventPublishingTestExecutionListener]
2022-01-15 01:26:45  [DefaultTestContextBootstrapper] (main:) Using TestExecutionListeners: [org.springframework.test.context.support.DirtiesContextBeforeModesTestExecutionListener@5ac86ba5, org.springframework.test.context.support.DependencyInjectionTestExecutionListener@6c67e137, org.springframework.test.context.support.DirtiesContextTestExecutionListener@2c9399a4, org.springframework.test.context.event.EventPublishingTestExecutionListener@191ae03f]
2022-01-15 01:26:46  [ScenarioUtils] (main:) Set Scenario  Newly Added Task appears in Active Tab
2022-01-15 01:26:46  [Hooks] (main:) -------Session Started-------
2022-01-15 01:26:46  [ToDoStepDef] (main:) Step Definition ----- User is Navigated to ToDo Page
2022-01-15 01:26:46  [LocatorActions] (main:) ** Navigating to https://todomvc.com/examples/vue/***
2022-01-15 01:26:48  [ToDoStepDef] (main:) Step Definition ----- User enters the taskLearn Vue JS Basicsin ToDo Box
2022-01-15 01:26:48  [ToDoStepDef] (main:) Step Definition ----- Added TaskLearn Vue JS Basicsappears inAllTab
2022-01-15 01:26:49  [LocatorActions] (main:) Capturing screenshot for Newly Added Task appears in Active Tab
2022-01-15 01:26:49  [LocatorActions] (main:) Captured screenshot name Newly_Added_Task_appears_in_Active_Tab 
2022-01-15 01:26:49  [ToDoStepDef] (main:) Step Definition ----- Added TaskLearn Vue JS Basicsappears inActiveTab
2022-01-15 01:26:49  [LocatorActions] (main:) Capturing screenshot for Newly Added Task appears in Active Tab
2022-01-15 01:26:49  [LocatorActions] (main:) Captured screenshot name Newly_Added_Task_appears_in_Active_Tab 
2022-01-15 01:26:50  [LocatorActions] (main:) Capturing screenshot for Newly Added Task appears in Active Tab
2022-01-15 01:26:50  [LocatorActions] (main:) Captured screenshot name Newly_Added_Task_appears_in_Active_Tab 
2022-01-15 01:26:52  [LocatorActions] (main:) Capturing screenshot for Newly Added Task appears in Active Tab
2022-01-15 01:26:52  [LocatorActions] (main:) Captured screenshot name Newly_Added_Task_appears_in_Active_Tab 
2022-01-15 01:26:52  [LocatorActions] (main:) Capturing screenshot for Newly Added Task appears in Active Tab
2022-01-15 01:26:52  [LocatorActions] (main:) Captured screenshot name Newly_Added_Task_appears_in_Active_Tab 
2022-01-15 01:26:52  [Hooks] (main:) -------Screen shot added-------
2022-01-15 01:26:52  [DefaultTestContextBootstrapper] (main:) Loaded default TestExecutionListener class names from location [META-INF/spring.factories]: [org.springframework.test.context.web.ServletTestExecutionListener, org.springframework.test.context.support.DirtiesContextBeforeModesTestExecutionListener, org.springframework.test.context.support.DependencyInjectionTestExecutionListener, org.springframework.test.context.support.DirtiesContextTestExecutionListener, org.springframework.test.context.transaction.TransactionalTestExecutionListener, org.springframework.test.context.jdbc.SqlScriptsTestExecutionListener, org.springframework.test.context.event.EventPublishingTestExecutionListener]
2022-01-15 01:26:52  [DefaultTestContextBootstrapper] (main:) Using TestExecutionListeners: [org.springframework.test.context.support.DirtiesContextBeforeModesTestExecutionListener@d74bac4, org.springframework.test.context.support.DependencyInjectionTestExecutionListener@5ff90645, org.springframework.test.context.support.DirtiesContextTestExecutionListener@387bf2d9, org.springframework.test.context.event.EventPublishingTestExecutionListener@74aa9c72]
2022-01-15 01:26:52  [ScenarioUtils] (main:) Set Scenario  When Task Marked completed moves to Completed Tab
2022-01-15 01:26:52  [Hooks] (main:) -------Session Started-------
2022-01-15 01:26:52  [ToDoStepDef] (main:) Step Definition ----- User is Navigated to ToDo Page
2022-01-15 01:26:52  [LocatorActions] (main:) ** Navigating to https://todomvc.com/examples/vue/***
2022-01-15 01:26:52  [ToDoStepDef] (main:) Step Definition ----- User enters the taskBoot strap Vue JS applicationin ToDo Box
2022-01-15 01:26:53  [ToDoStepDef] (main:) Step Definition ----- Added TaskBoot strap Vue JS applicationappears inActiveTab
2022-01-15 01:26:53  [LocatorActions] (main:) Capturing screenshot for When Task Marked completed moves to Completed Tab
2022-01-15 01:26:53  [LocatorActions] (main:) Captured screenshot name When_Task_Marked_completed_moves_to_Completed_Tab 
2022-01-15 01:26:53  [LocatorActions] (main:) Selecting option [[ChromeDriver: chrome on MAC (df3d1ca458945e149719c280dcf914ac)] -> xpath: //ul[@class='todo-list']/li//label[text()='Boot strap Vue JS application']/preceding-sibling::input] from list using JS
2022-01-15 01:26:53  [ToDoStepDef] (main:) Step Definition ----- Added TaskBoot strap Vue JS applicationappears inCompletedTab
2022-01-15 01:26:54  [LocatorActions] (main:) Capturing screenshot for When Task Marked completed moves to Completed Tab
2022-01-15 01:26:54  [LocatorActions] (main:) Captured screenshot name When_Task_Marked_completed_moves_to_Completed_Tab 
2022-01-15 01:26:54  [LocatorActions] (main:) Capturing screenshot for When Task Marked completed moves to Completed Tab
2022-01-15 01:26:54  [LocatorActions] (main:) Captured screenshot name When_Task_Marked_completed_moves_to_Completed_Tab 
2022-01-15 01:26:56  [LocatorActions] (main:) Capturing screenshot for When Task Marked completed moves to Completed Tab
2022-01-15 01:26:56  [LocatorActions] (main:) Captured screenshot name When_Task_Marked_completed_moves_to_Completed_Tab 
2022-01-15 01:26:57  [LocatorActions] (main:) Capturing screenshot for When Task Marked completed moves to Completed Tab
2022-01-15 01:26:57  [LocatorActions] (main:) Captured screenshot name When_Task_Marked_completed_moves_to_Completed_Tab 
2022-01-15 01:26:57  [Hooks] (main:) -------Screen shot added-------
2022-01-15 01:26:57  [DefaultTestContextBootstrapper] (main:) Loaded default TestExecutionListener class names from location [META-INF/spring.factories]: [org.springframework.test.context.web.ServletTestExecutionListener, org.springframework.test.context.support.DirtiesContextBeforeModesTestExecutionListener, org.springframework.test.context.support.DependencyInjectionTestExecutionListener, org.springframework.test.context.support.DirtiesContextTestExecutionListener, org.springframework.test.context.transaction.TransactionalTestExecutionListener, org.springframework.test.context.jdbc.SqlScriptsTestExecutionListener, org.springframework.test.context.event.EventPublishingTestExecutionListener]
2022-01-15 01:26:57  [DefaultTestContextBootstrapper] (main:) Using TestExecutionListeners: [org.springframework.test.context.support.DirtiesContextBeforeModesTestExecutionListener@2975a9e, org.springframework.test.context.support.DependencyInjectionTestExecutionListener@765ffb14, org.springframework.test.context.support.DirtiesContextTestExecutionListener@57562473, org.springframework.test.context.event.EventPublishingTestExecutionListener@7a360554]
2022-01-15 01:26:57  [ScenarioUtils] (main:) Set Scenario  With more than a task added , Completed tasks are updated appropriately
2022-01-15 01:26:57  [Hooks] (main:) -------Session Started-------
2022-01-15 01:26:57  [ToDoStepDef] (main:) Step Definition ----- User is Navigated to ToDo Page
2022-01-15 01:26:57  [LocatorActions] (main:) ** Navigating to https://todomvc.com/examples/vue/***
2022-01-15 01:26:57  [ToDoStepDef] (main:) Step Definition ----- User enters the taskCode Vue Js Applicationin ToDo Box
2022-01-15 01:26:57  [ToDoStepDef] (main:) Step Definition ----- User enters the taskTest Vue JS Applicationin ToDo Box
2022-01-15 01:26:57  [ToDoStepDef] (main:) Step Definition ----- Added TaskCode Vue Js Applicationappears inActiveTab
2022-01-15 01:26:58  [LocatorActions] (main:) Capturing screenshot for With more than a task added , Completed tasks are updated appropriately
2022-01-15 01:26:58  [LocatorActions] (main:) Captured screenshot name With_more_than_a_task_added_,_Completed_tasks_are_updated_appropriately 
2022-01-15 01:26:58  [ToDoStepDef] (main:) Step Definition ----- Added TaskTest Vue JS Applicationappears inActiveTab
2022-01-15 01:26:58  [LocatorActions] (main:) Capturing screenshot for With more than a task added , Completed tasks are updated appropriately
2022-01-15 01:26:58  [LocatorActions] (main:) Captured screenshot name With_more_than_a_task_added_,_Completed_tasks_are_updated_appropriately 
2022-01-15 01:26:58  [LocatorActions] (main:) Selecting option [[ChromeDriver: chrome on MAC (df3d1ca458945e149719c280dcf914ac)] -> xpath: //ul[@class='todo-list']/li//label[text()='Code Vue Js Application']/preceding-sibling::input] from list using JS
2022-01-15 01:26:58  [ToDoStepDef] (main:) Step Definition ----- Added TaskCode Vue Js Applicationappears inCompletedTab
2022-01-15 01:26:58  [LocatorActions] (main:) Capturing screenshot for With more than a task added , Completed tasks are updated appropriately
2022-01-15 01:26:58  [LocatorActions] (main:) Captured screenshot name With_more_than_a_task_added_,_Completed_tasks_are_updated_appropriately 
2022-01-15 01:26:59  [LocatorActions] (main:) Capturing screenshot for With more than a task added , Completed tasks are updated appropriately
2022-01-15 01:26:59  [LocatorActions] (main:) Captured screenshot name With_more_than_a_task_added_,_Completed_tasks_are_updated_appropriately 
2022-01-15 01:26:59  [LocatorActions] (main:) Capturing screenshot for With more than a task added , Completed tasks are updated appropriately
2022-01-15 01:26:59  [LocatorActions] (main:) Captured screenshot name With_more_than_a_task_added_,_Completed_tasks_are_updated_appropriately 
2022-01-15 01:27:02  [LocatorActions] (main:) Capturing screenshot for With more than a task added , Completed tasks are updated appropriately
2022-01-15 01:27:02  [LocatorActions] (main:) Captured screenshot name With_more_than_a_task_added_,_Completed_tasks_are_updated_appropriately 
2022-01-15 01:27:02  [LocatorActions] (main:) Capturing screenshot for With more than a task added , Completed tasks are updated appropriately
2022-01-15 01:27:02  [LocatorActions] (main:) Captured screenshot name With_more_than_a_task_added_,_Completed_tasks_are_updated_appropriately 
2022-01-15 01:27:02  [Hooks] (main:) -------Screen shot added-------
2022-01-15 01:27:02  [DefaultTestContextBootstrapper] (main:) Loaded default TestExecutionListener class names from location [META-INF/spring.factories]: [org.springframework.test.context.web.ServletTestExecutionListener, org.springframework.test.context.support.DirtiesContextBeforeModesTestExecutionListener, org.springframework.test.context.support.DependencyInjectionTestExecutionListener, org.springframework.test.context.support.DirtiesContextTestExecutionListener, org.springframework.test.context.transaction.TransactionalTestExecutionListener, org.springframework.test.context.jdbc.SqlScriptsTestExecutionListener, org.springframework.test.context.event.EventPublishingTestExecutionListener]
2022-01-15 01:27:02  [DefaultTestContextBootstrapper] (main:) Using TestExecutionListeners: [org.springframework.test.context.support.DirtiesContextBeforeModesTestExecutionListener@24c685e7, org.springframework.test.context.support.DependencyInjectionTestExecutionListener@7da635c0, org.springframework.test.context.support.DirtiesContextTestExecutionListener@2ed9f6f8, org.springframework.test.context.event.EventPublishingTestExecutionListener@251c4280]
2022-01-15 01:27:02  [ScenarioUtils] (main:) Set Scenario  With more than a task added , Select all tasks to mark complete
2022-01-15 01:27:02  [Hooks] (main:) -------Session Started-------
2022-01-15 01:27:02  [ToDoStepDef] (main:) Step Definition ----- User is Navigated to ToDo Page
2022-01-15 01:27:02  [LocatorActions] (main:) ** Navigating to https://todomvc.com/examples/vue/***
2022-01-15 01:27:02  [ToDoStepDef] (main:) Step Definition ----- User enters the taskCodein ToDo Box
2022-01-15 01:27:02  [ToDoStepDef] (main:) Step Definition ----- User enters the taskTestin ToDo Box
2022-01-15 01:27:02  [ToDoStepDef] (main:) Step Definition ----- Added TaskCodeappears inActiveTab
2022-01-15 01:27:03  [LocatorActions] (main:) Capturing screenshot for With more than a task added , Select all tasks to mark complete
2022-01-15 01:27:03  [LocatorActions] (main:) Captured screenshot name With_more_than_a_task_added_,_Select_all_tasks_to_mark_complete 
2022-01-15 01:27:03  [ToDoStepDef] (main:) Step Definition ----- Added TaskTestappears inActiveTab
2022-01-15 01:27:03  [LocatorActions] (main:) Capturing screenshot for With more than a task added , Select all tasks to mark complete
2022-01-15 01:27:03  [LocatorActions] (main:) Captured screenshot name With_more_than_a_task_added_,_Select_all_tasks_to_mark_complete 
2022-01-15 01:27:04  [LocatorActions] (main:) Capturing screenshot for With more than a task added , Select all tasks to mark complete
2022-01-15 01:27:04  [LocatorActions] (main:) Captured screenshot name With_more_than_a_task_added_,_Select_all_tasks_to_mark_complete 
2022-01-15 01:27:04  [ToDoStepDef] (main:) Step Definition ----- Added TaskCodeappears inCompletedTab
2022-01-15 01:27:04  [LocatorActions] (main:) Capturing screenshot for With more than a task added , Select all tasks to mark complete
2022-01-15 01:27:04  [LocatorActions] (main:) Captured screenshot name With_more_than_a_task_added_,_Select_all_tasks_to_mark_complete 
2022-01-15 01:27:04  [ToDoStepDef] (main:) Step Definition ----- Added TaskTestappears inCompletedTab
2022-01-15 01:27:04  [LocatorActions] (main:) Capturing screenshot for With more than a task added , Select all tasks to mark complete
2022-01-15 01:27:04  [LocatorActions] (main:) Captured screenshot name With_more_than_a_task_added_,_Select_all_tasks_to_mark_complete 
2022-01-15 01:27:05  [LocatorActions] (main:) Capturing screenshot for With more than a task added , Select all tasks to mark complete
2022-01-15 01:27:05  [LocatorActions] (main:) Captured screenshot name With_more_than_a_task_added_,_Select_all_tasks_to_mark_complete 
2022-01-15 01:27:05  [LocatorActions] (main:) Capturing screenshot for With more than a task added , Select all tasks to mark complete
2022-01-15 01:27:05  [LocatorActions] (main:) Captured screenshot name With_more_than_a_task_added_,_Select_all_tasks_to_mark_complete 
2022-01-15 01:27:08  [LocatorActions] (main:) Capturing screenshot for With more than a task added , Select all tasks to mark complete
2022-01-15 01:27:08  [LocatorActions] (main:) Captured screenshot name With_more_than_a_task_added_,_Select_all_tasks_to_mark_complete 
2022-01-15 01:27:08  [LocatorActions] (main:) Capturing screenshot for With more than a task added , Select all tasks to mark complete
2022-01-15 01:27:08  [LocatorActions] (main:) Captured screenshot name With_more_than_a_task_added_,_Select_all_tasks_to_mark_complete 
2022-01-15 01:27:08  [Hooks] (main:) -------Screen shot added-------
2022-01-15 01:27:08  [DefaultTestContextBootstrapper] (main:) Loaded default TestExecutionListener class names from location [META-INF/spring.factories]: [org.springframework.test.context.web.ServletTestExecutionListener, org.springframework.test.context.support.DirtiesContextBeforeModesTestExecutionListener, org.springframework.test.context.support.DependencyInjectionTestExecutionListener, org.springframework.test.context.support.DirtiesContextTestExecutionListener, org.springframework.test.context.transaction.TransactionalTestExecutionListener, org.springframework.test.context.jdbc.SqlScriptsTestExecutionListener, org.springframework.test.context.event.EventPublishingTestExecutionListener]
2022-01-15 01:27:08  [DefaultTestContextBootstrapper] (main:) Using TestExecutionListeners: [org.springframework.test.context.support.DirtiesContextBeforeModesTestExecutionListener@698d6d30, org.springframework.test.context.support.DependencyInjectionTestExecutionListener@78065fcd, org.springframework.test.context.support.DirtiesContextTestExecutionListener@3407aa4f, org.springframework.test.context.event.EventPublishingTestExecutionListener@51ed2f68]
2022-01-15 01:27:08  [ScenarioUtils] (main:) Set Scenario  User is able to clear more than one completed jobs
2022-01-15 01:27:08  [Hooks] (main:) -------Session Started-------
2022-01-15 01:27:08  [ToDoStepDef] (main:) Step Definition ----- User is Navigated to ToDo Page
2022-01-15 01:27:08  [LocatorActions] (main:) ** Navigating to https://todomvc.com/examples/vue/***
2022-01-15 01:27:08  [ToDoStepDef] (main:) Step Definition ----- User enters the taskCodein ToDo Box
2022-01-15 01:27:08  [ToDoStepDef] (main:) Step Definition ----- User enters the taskTestin ToDo Box
2022-01-15 01:27:09  [LocatorActions] (main:) Capturing screenshot for User is able to clear more than one completed jobs
2022-01-15 01:27:09  [LocatorActions] (main:) Captured screenshot name User_is_able_to_clear_more_than_one_completed_jobs 
2022-01-15 01:27:11  [LocatorActions] (main:) Capturing screenshot for User is able to clear more than one completed jobs
2022-01-15 01:27:11  [LocatorActions] (main:) Captured screenshot name User_is_able_to_clear_more_than_one_completed_jobs 
2022-01-15 01:27:11  [LocatorActions] (main:) Capturing screenshot for User is able to clear more than one completed jobs
2022-01-15 01:27:11  [LocatorActions] (main:) Captured screenshot name User_is_able_to_clear_more_than_one_completed_jobs 
2022-01-15 01:27:11  [Hooks] (main:) -------Screen shot added-------
