2022-01-16 04:30:32  [BrowserLib] (main:) ************Launching Chrome Browser**********
2022-01-16 04:30:32  [WebDriverManager] (main:) Please answer the following questionnaire based on your experience with WebDriverManager. Thanks a lot!
2022-01-16 04:30:32  [WebDriverManager] (main:) ====> http://tiny.cc/wdm-survey <====
2022-01-16 04:30:33  [WebDriverManager] (main:) Using chromedriver 97.0.4692.71 (since Chrome 97 is installed in your machine)
2022-01-16 04:30:33  [WebDriverManager] (main:) Exporting webdriver.chrome.driver as /Users/aseshadr/.m2/repository/webdriver/chromedriver/mac64/97.0.4692.71/chromedriver
2022-01-16 04:30:37  [BrowserLib] (main:) -------Execution Started-------
2022-01-16 04:30:37  [DefaultTestContextBootstrapper] (main:) Loaded default TestExecutionListener class names from location [META-INF/spring.factories]: [org.springframework.test.context.web.ServletTestExecutionListener, org.springframework.test.context.support.DirtiesContextBeforeModesTestExecutionListener, org.springframework.test.context.support.DependencyInjectionTestExecutionListener, org.springframework.test.context.support.DirtiesContextTestExecutionListener, org.springframework.test.context.transaction.TransactionalTestExecutionListener, org.springframework.test.context.jdbc.SqlScriptsTestExecutionListener, org.springframework.test.context.event.EventPublishingTestExecutionListener]
2022-01-16 04:30:37  [DefaultTestContextBootstrapper] (main:) Using TestExecutionListeners: [org.springframework.test.context.support.DirtiesContextBeforeModesTestExecutionListener@5ac86ba5, org.springframework.test.context.support.DependencyInjectionTestExecutionListener@6c67e137, org.springframework.test.context.support.DirtiesContextTestExecutionListener@2c9399a4, org.springframework.test.context.event.EventPublishingTestExecutionListener@191ae03f]
2022-01-16 04:30:38  [ScenarioUtils] (main:) Set Scenario  When Task Marked completed moves to Completed Tab and later un marked move back to Active Tab
2022-01-16 04:30:38  [Hooks] (main:) -------Session Started-------
2022-01-16 04:30:38  [ToDoStepDef] (main:) Step Definition ----- User is Navigated to ToDo Page
2022-01-16 04:30:38  [LocatorActions] (main:) ** Navigating to https://todomvc.com/examples/vue/***
2022-01-16 04:30:39  [ToDoStepDef] (main:) Step Definition ----- User enters the taskBoot strap Vue JS applicationin ToDo Box
2022-01-16 04:30:39  [ToDoStepDef] (main:) Step Definition ----- Added TaskBoot strap Vue JS applicationappears inActiveTab
2022-01-16 04:30:40  [LocatorActions] (main:) Capturing screenshot for When Task Marked completed moves to Completed Tab and later un marked move back to Active Tab
2022-01-16 04:30:40  [LocatorActions] (main:) Captured screenshot name When_Task_Marked_completed_moves_to_Completed_Tab_and_later_un_marked_move_back_to_Active_Tab 
2022-01-16 04:30:40  [LocatorActions] (main:) Selecting option [[ChromeDriver: chrome on MAC (fbe83759dccbb29eb7c71959c3c90623)] -> xpath: //ul[@class='todo-list']/li//label[text()='Boot strap Vue JS application']/preceding-sibling::input] from list using JS
2022-01-16 04:30:41  [ToDoStepDef] (main:) Step Definition ----- Added TaskBoot strap Vue JS applicationappears inCompletedTab
2022-01-16 04:30:41  [LocatorActions] (main:) Capturing screenshot for When Task Marked completed moves to Completed Tab and later un marked move back to Active Tab
2022-01-16 04:30:41  [LocatorActions] (main:) Captured screenshot name When_Task_Marked_completed_moves_to_Completed_Tab_and_later_un_marked_move_back_to_Active_Tab 
2022-01-16 04:30:42  [LocatorActions] (main:) Selecting option [[ChromeDriver: chrome on MAC (fbe83759dccbb29eb7c71959c3c90623)] -> xpath: //ul[@class='todo-list']/li//label[text()='Boot strap Vue JS application']/preceding-sibling::input] from list using JS
2022-01-16 04:30:42  [ToDoStepDef] (main:) Step Definition ----- Added TaskBoot strap Vue JS applicationappears inActiveTab
2022-01-16 04:30:43  [LocatorActions] (main:) Capturing screenshot for When Task Marked completed moves to Completed Tab and later un marked move back to Active Tab
2022-01-16 04:30:43  [LocatorActions] (main:) Captured screenshot name When_Task_Marked_completed_moves_to_Completed_Tab_and_later_un_marked_move_back_to_Active_Tab 
2022-01-16 04:30:43  [LocatorActions] (main:) Capturing screenshot for When Task Marked completed moves to Completed Tab and later un marked move back to Active Tab
2022-01-16 04:30:43  [LocatorActions] (main:) Captured screenshot name When_Task_Marked_completed_moves_to_Completed_Tab_and_later_un_marked_move_back_to_Active_Tab 
2022-01-16 04:30:46  [LocatorActions] (main:) Capturing screenshot for When Task Marked completed moves to Completed Tab and later un marked move back to Active Tab
2022-01-16 04:30:46  [LocatorActions] (main:) Captured screenshot name When_Task_Marked_completed_moves_to_Completed_Tab_and_later_un_marked_move_back_to_Active_Tab 
2022-01-16 04:30:47  [LocatorActions] (main:) Capturing screenshot for When Task Marked completed moves to Completed Tab and later un marked move back to Active Tab
2022-01-16 04:30:47  [LocatorActions] (main:) Captured screenshot name When_Task_Marked_completed_moves_to_Completed_Tab_and_later_un_marked_move_back_to_Active_Tab 
2022-01-16 04:30:47  [Hooks] (main:) -------Screen shot added-------
