2022-01-16 03:39:43  [BrowserLib] (main:) ************Launching Chrome Browser**********
2022-01-16 03:39:43  [WebDriverManager] (main:) Please answer the following questionnaire based on your experience with WebDriverManager. Thanks a lot!
2022-01-16 03:39:43  [WebDriverManager] (main:) ====> http://tiny.cc/wdm-survey <====
2022-01-16 03:39:44  [WebDriverManager] (main:) Using chromedriver 97.0.4692.71 (since Chrome 97 is installed in your machine)
2022-01-16 03:39:44  [WebDriverManager] (main:) Exporting webdriver.chrome.driver as /Users/aseshadr/.m2/repository/webdriver/chromedriver/mac64/97.0.4692.71/chromedriver
2022-01-16 03:39:47  [BrowserLib] (main:) -------Execution Started-------
2022-01-16 03:39:48  [DefaultTestContextBootstrapper] (main:) Loaded default TestExecutionListener class names from location [META-INF/spring.factories]: [org.springframework.test.context.web.ServletTestExecutionListener, org.springframework.test.context.support.DirtiesContextBeforeModesTestExecutionListener, org.springframework.test.context.support.DependencyInjectionTestExecutionListener, org.springframework.test.context.support.DirtiesContextTestExecutionListener, org.springframework.test.context.transaction.TransactionalTestExecutionListener, org.springframework.test.context.jdbc.SqlScriptsTestExecutionListener, org.springframework.test.context.event.EventPublishingTestExecutionListener]
2022-01-16 03:39:48  [DefaultTestContextBootstrapper] (main:) Using TestExecutionListeners: [org.springframework.test.context.support.DirtiesContextBeforeModesTestExecutionListener@5ac86ba5, org.springframework.test.context.support.DependencyInjectionTestExecutionListener@6c67e137, org.springframework.test.context.support.DirtiesContextTestExecutionListener@2c9399a4, org.springframework.test.context.event.EventPublishingTestExecutionListener@191ae03f]
2022-01-16 03:39:48  [ScenarioUtils] (main:) Set Scenario  Verify To Do Page Navigation
2022-01-16 03:39:48  [Hooks] (main:) -------Session Started-------
2022-01-16 03:39:48  [ToDoStepDef] (main:) Step Definition ----- User is Navigated to ToDo Page
2022-01-16 03:39:48  [LocatorActions] (main:) ** Navigating to https://todomvc.com/examples/vue/***
2022-01-16 03:39:49  [ToDoStepDef] (main:) Step Definition ----- User is able to see Components Loaded in the Page
2022-01-16 03:39:50  [LocatorActions] (main:) Response code 200
2022-01-16 03:39:50  [LocatorActions] (main:) Link is a valid https://github.com/tastejs/todomvc/tree/gh-pages/examples/vue 
2022-01-16 03:39:50  [LocatorActions] (main:) Response code 301
2022-01-16 03:39:50  [LocatorActions] (main:) Link is a valid http://vuejs.org/guide/ 
2022-01-16 03:39:50  [LocatorActions] (main:) Response code 301
2022-01-16 03:39:50  [LocatorActions] (main:) Link is a valid http://vuejs.org/api/ 
2022-01-16 03:39:51  [LocatorActions] (main:) Response code 200
2022-01-16 03:39:51  [LocatorActions] (main:) Link is a valid https://github.com/vuejs/vue 
2022-01-16 03:39:52  [LocatorActions] (main:) Response code 301
2022-01-16 03:39:52  [LocatorActions] (main:) Link is a valid http://vuejs.org/examples/ 
2022-01-16 03:39:52  [LocatorActions] (main:) Response code 301
2022-01-16 03:39:52  [LocatorActions] (main:) Link is a valid http://twitter.com/vuejs 
2022-01-16 03:39:59  [LocatorActions] (main:) Response code 200
2022-01-16 03:39:59  [LocatorActions] (main:) Link is a valid https://gitter.im/yyx990803/vue 
2022-01-16 03:40:00  [LocatorActions] (main:) Response code 200
2022-01-16 03:40:00  [LocatorActions] (main:) Link is a valid https://github.com/vuejs/Discussion/issues 
2022-01-16 03:40:10  [LocatorActions] (main:) Capturing screenshot for Verify To Do Page Navigation
2022-01-16 03:40:10  [LocatorActions] (main:) Captured screenshot name Verify_To_Do_Page_Navigation 
2022-01-16 03:40:10  [ToDoStepDef] (main:) Step Definition ----- User enters the taskSmoke Test Taskin ToDo Box
2022-01-16 03:40:11  [LocatorActions] (main:) Capturing screenshot for Verify To Do Page Navigation
2022-01-16 03:40:11  [LocatorActions] (main:) Captured screenshot name Verify_To_Do_Page_Navigation 
2022-01-16 03:40:12  [LocatorActions] (main:) Capturing screenshot for Verify To Do Page Navigation
2022-01-16 03:40:12  [LocatorActions] (main:) Captured screenshot name Verify_To_Do_Page_Navigation 
2022-01-16 03:40:12  [Hooks] (main:) -------Screen shot added-------
