2022-01-16 04:20:57  [BrowserLib] (main:) ************Launching Chrome Browser**********
2022-01-16 04:20:57  [WebDriverManager] (main:) Please answer the following questionnaire based on your experience with WebDriverManager. Thanks a lot!
2022-01-16 04:20:57  [WebDriverManager] (main:) ====> http://tiny.cc/wdm-survey <====
2022-01-16 04:20:57  [WebDriverManager] (main:) Using chromedriver 97.0.4692.71 (since Chrome 97 is installed in your machine)
2022-01-16 04:20:57  [WebDriverManager] (main:) Exporting webdriver.chrome.driver as /Users/aseshadr/.m2/repository/webdriver/chromedriver/mac64/97.0.4692.71/chromedriver
2022-01-16 04:21:01  [BrowserLib] (main:) -------Execution Started-------
2022-01-16 04:21:02  [DefaultTestContextBootstrapper] (main:) Loaded default TestExecutionListener class names from location [META-INF/spring.factories]: [org.springframework.test.context.web.ServletTestExecutionListener, org.springframework.test.context.support.DirtiesContextBeforeModesTestExecutionListener, org.springframework.test.context.support.DependencyInjectionTestExecutionListener, org.springframework.test.context.support.DirtiesContextTestExecutionListener, org.springframework.test.context.transaction.TransactionalTestExecutionListener, org.springframework.test.context.jdbc.SqlScriptsTestExecutionListener, org.springframework.test.context.event.EventPublishingTestExecutionListener]
2022-01-16 04:21:02  [DefaultTestContextBootstrapper] (main:) Using TestExecutionListeners: [org.springframework.test.context.support.DirtiesContextBeforeModesTestExecutionListener@5ac86ba5, org.springframework.test.context.support.DependencyInjectionTestExecutionListener@6c67e137, org.springframework.test.context.support.DirtiesContextTestExecutionListener@2c9399a4, org.springframework.test.context.event.EventPublishingTestExecutionListener@191ae03f]
2022-01-16 04:21:02  [ScenarioUtils] (main:) Set Scenario  New Tab opens with existing list
2022-01-16 04:21:02  [Hooks] (main:) -------Session Started-------
2022-01-16 04:21:02  [ToDoStepDef] (main:) Step Definition ----- User is Navigated to ToDo Page
2022-01-16 04:21:02  [LocatorActions] (main:) ** Navigating to https://todomvc.com/examples/vue/***
2022-01-16 04:21:03  [ToDoStepDef] (main:) Step Definition ----- User enters the taskCodein ToDo Box
2022-01-16 04:21:04  [ToDoStepDef] (main:) Step Definition ----- Added TaskCodeappears inActiveTab
2022-01-16 04:21:05  [LocatorActions] (main:) Capturing screenshot for New Tab opens with existing list
2022-01-16 04:21:05  [LocatorActions] (main:) Captured screenshot name New_Tab_opens_with_existing_list 
2022-01-16 04:21:05  [LocatorActions] (main:) ** Navigating to https://todomvc.com/examples/vue/***
2022-01-16 04:21:05  [ToDoStepDef] (main:) Step Definition ----- Added TaskCodeappears inActiveTab
2022-01-16 04:21:06  [LocatorActions] (main:) Capturing screenshot for New Tab opens with existing list
2022-01-16 04:21:06  [LocatorActions] (main:) Captured screenshot name New_Tab_opens_with_existing_list 
2022-01-16 04:21:07  [LocatorActions] (main:) Capturing screenshot for New Tab opens with existing list
2022-01-16 04:21:07  [LocatorActions] (main:) Captured screenshot name New_Tab_opens_with_existing_list 
2022-01-16 04:21:07  [Hooks] (main:) -------Screen shot added-------
